{
  "RSpec": {
    "coverage": {
      "/Users/asiaellis/Projects/course-run-through/recipe-manager/app.rb": {
        "lines": [
          null,
          null,
          1,
          1,
          1,
          1,
          1,
          null,
          null,
          1,
          1,
          1,
          1,
          null,
          1,
          6,
          null,
          null,
          1,
          7,
          7,
          null,
          null,
          1,
          4,
          4,
          null,
          null,
          1,
          1,
          1,
          null,
          null,
          1,
          1,
          1,
          null,
          null,
          1,
          1,
          1,
          null,
          null,
          1,
          null
        ]
      },
      "/Users/asiaellis/Projects/course-run-through/recipe-manager/lib/recipe.rb": {
        "lines": [
          null,
          null,
          1,
          null,
          1,
          1,
          null,
          1,
          37,
          37,
          37,
          null,
          null,
          1,
          16,
          51,
          null,
          null,
          1,
          28,
          26,
          null,
          null,
          1,
          2,
          null,
          null,
          1,
          2,
          null,
          null,
          1,
          2,
          2,
          null,
          null,
          1,
          null,
          1,
          28,
          null,
          null
        ]
      },
      "/Users/asiaellis/Projects/course-run-through/recipe-manager/lib/database_connection.rb": {
        "lines": [
          null,
          null,
          1,
          null,
          1,
          1,
          4,
          null,
          null,
          1,
          1,
          null,
          null,
          1,
          49,
          null,
          null
        ]
      },
      "/Users/asiaellis/Projects/course-run-through/recipe-manager/database_connection_setup.rb": {
        "lines": [
          null,
          null,
          1,
          null,
          1,
          1,
          null,
          0,
          null
        ]
      },
      "/Users/asiaellis/Projects/course-run-through/recipe-manager/spec/database_connection_spec.rb": {
        "lines": [
          null,
          null,
          1,
          null,
          1,
          1,
          1,
          1,
          1,
          null,
          null,
          1,
          1,
          1,
          null,
          null,
          null,
          1,
          1,
          1,
          1,
          1,
          null,
          null,
          null
        ]
      },
      "/Users/asiaellis/Projects/course-run-through/recipe-manager/spec/features/adding_a_new_recipe_spec.rb": {
        "lines": [
          null,
          null,
          1,
          null,
          1,
          1,
          1,
          1,
          1,
          null,
          null
        ]
      },
      "/Users/asiaellis/Projects/course-run-through/recipe-manager/spec/web_helper.rb": {
        "lines": [
          null,
          null,
          1,
          3,
          3,
          3,
          3,
          null,
          null,
          1,
          6,
          6,
          6,
          null
        ]
      },
      "/Users/asiaellis/Projects/course-run-through/recipe-manager/spec/features/deleting_a_recipe_spec.rb": {
        "lines": [
          null,
          null,
          1,
          null,
          1,
          1,
          1,
          1,
          1,
          1,
          null,
          null
        ]
      },
      "/Users/asiaellis/Projects/course-run-through/recipe-manager/spec/features/error_if_not_real_url_spec.rb": {
        "lines": [
          1,
          1,
          1,
          1,
          1,
          1,
          1,
          1,
          1,
          null,
          null
        ]
      },
      "/Users/asiaellis/Projects/course-run-through/recipe-manager/spec/features/updating_a_recipe_spec.rb": {
        "lines": [
          null,
          null,
          1,
          null,
          1,
          1,
          1,
          1,
          1,
          1,
          1,
          1,
          1,
          null,
          null
        ]
      },
      "/Users/asiaellis/Projects/course-run-through/recipe-manager/spec/features/view_recipes_spec.rb": {
        "lines": [
          null,
          null,
          1,
          1,
          1,
          1,
          null,
          null,
          1,
          1,
          null,
          1,
          1,
          1,
          null,
          1,
          1,
          null,
          1,
          1,
          1,
          null,
          null
        ]
      },
      "/Users/asiaellis/Projects/course-run-through/recipe-manager/spec/recipe_spec.rb": {
        "lines": [
          null,
          null,
          1,
          1,
          1,
          null,
          1,
          1,
          6,
          null,
          null,
          1,
          1,
          1,
          null,
          1,
          null,
          1,
          1,
          null,
          null,
          null,
          1,
          1,
          1,
          1,
          1,
          null,
          null,
          null,
          1,
          1,
          1,
          1,
          null,
          null,
          null,
          1,
          1,
          1,
          1,
          1,
          1,
          1,
          null,
          null,
          null,
          1,
          1,
          1,
          1,
          1,
          1,
          1,
          null,
          null,
          null,
          1,
          1,
          1,
          null,
          1,
          null,
          1,
          null,
          1,
          null,
          1,
          1,
          1,
          1,
          null,
          null,
          null
        ]
      }
    },
    "timestamp": 1590059694
  }
}
