{
  "RSpec": {
    "coverage": {
      "/Users/asiaellis/Projects/course-run-through/recipe-manager/app.rb": {
        "lines": [
          null,
          null,
          1,
          1,
          1,
          1,
          1,
          1,
          1,
          null,
          null,
          1,
          1,
          1,
          1,
          null,
          1,
          7,
          null,
          null,
          1,
          7,
          null,
          null,
          1,
          7,
          7,
          7,
          null,
          null,
          1,
          6,
          null,
          null,
          1,
          4,
          4,
          2,
          2,
          null,
          2,
          2,
          null,
          null,
          null,
          1,
          1,
          1,
          1,
          null,
          null,
          1,
          20,
          20,
          20,
          null,
          null,
          1,
          7,
          7,
          null,
          null,
          1,
          1,
          1,
          null,
          null,
          1,
          1,
          1,
          null,
          null,
          1,
          1,
          1,
          null,
          null,
          1,
          1,
          1,
          null,
          null,
          1,
          1,
          1,
          null,
          null,
          1,
          null
        ]
      },
      "/Users/asiaellis/Projects/course-run-through/recipe-manager/lib/recipe.rb": {
        "lines": [
          null,
          null,
          1,
          1,
          null,
          1,
          1,
          null,
          1,
          57,
          57,
          57,
          null,
          null,
          1,
          34,
          88,
          null,
          null,
          1,
          36,
          34,
          null,
          null,
          1,
          2,
          null,
          null,
          1,
          2,
          null,
          null,
          1,
          3,
          3,
          null,
          null,
          1,
          16,
          null,
          null,
          1,
          null,
          1,
          36,
          null,
          null
        ]
      },
      "/Users/asiaellis/Projects/course-run-through/recipe-manager/lib/database_connection.rb": {
        "lines": [
          null,
          null,
          1,
          null,
          1,
          1,
          4,
          null,
          null,
          1,
          1,
          null,
          null,
          1,
          141,
          null,
          null
        ]
      },
      "/Users/asiaellis/Projects/course-run-through/recipe-manager/lib/comment.rb": {
        "lines": [
          1,
          null,
          1,
          null,
          1,
          null,
          1,
          4,
          4,
          4,
          null,
          null,
          1,
          1,
          2,
          null,
          null,
          1,
          4,
          null,
          null,
          1,
          16,
          19,
          null,
          null
        ]
      },
      "/Users/asiaellis/Projects/course-run-through/recipe-manager/lib/user.rb": {
        "lines": [
          1,
          1,
          null,
          1,
          null,
          1,
          null,
          1,
          40,
          40,
          40,
          null,
          null,
          1,
          1,
          2,
          null,
          null,
          1,
          16,
          16,
          16,
          null,
          null,
          1,
          21,
          20,
          20,
          null,
          null,
          1,
          7,
          7,
          5,
          3,
          null,
          null,
          null
        ]
      },
      "/Users/asiaellis/Projects/course-run-through/recipe-manager/database_connection_setup.rb": {
        "lines": [
          null,
          null,
          1,
          null,
          1,
          1,
          null,
          0,
          null
        ]
      },
      "/Users/asiaellis/Projects/course-run-through/recipe-manager/spec/comment_spec.rb": {
        "lines": [
          1,
          1,
          null,
          1,
          null,
          1,
          1,
          1,
          1,
          1,
          1,
          1,
          null,
          null,
          null,
          1,
          1,
          1,
          1,
          1,
          1,
          null,
          1,
          null,
          1,
          1,
          null,
          null,
          null,
          null
        ]
      },
      "/Users/asiaellis/Projects/course-run-through/recipe-manager/spec/database_connection_spec.rb": {
        "lines": [
          null,
          null,
          1,
          null,
          1,
          1,
          1,
          1,
          1,
          null,
          null,
          1,
          1,
          1,
          null,
          null,
          null,
          1,
          1,
          1,
          1,
          1,
          null,
          null,
          null
        ]
      },
      "/Users/asiaellis/Projects/course-run-through/recipe-manager/spec/features/adding_a_new_recipe_spec.rb": {
        "lines": [
          null,
          null,
          1,
          null,
          1,
          1,
          1,
          1,
          1,
          null,
          null
        ]
      },
      "/Users/asiaellis/Projects/course-run-through/recipe-manager/spec/web_helper.rb": {
        "lines": [
          null,
          null,
          1,
          6,
          6,
          6,
          null,
          6,
          6,
          6,
          null,
          null,
          1,
          8,
          8,
          8,
          null,
          null,
          1,
          6,
          6,
          6,
          null
        ]
      },
      "/Users/asiaellis/Projects/course-run-through/recipe-manager/spec/features/adding_comment_to_a_recipe_spec.rb": {
        "lines": [
          1,
          null,
          1,
          1,
          1,
          1,
          1,
          1,
          1,
          null,
          null
        ]
      },
      "/Users/asiaellis/Projects/course-run-through/recipe-manager/spec/features/authentication_spec.rb": {
        "lines": [
          1,
          1,
          1,
          1,
          1,
          1,
          1,
          1,
          null,
          null,
          1,
          1,
          null,
          1,
          1,
          1,
          1,
          null,
          1,
          1,
          null,
          null,
          1,
          1,
          null,
          1,
          1,
          1,
          1,
          null,
          1,
          1,
          null,
          null,
          1,
          1,
          null,
          1,
          1,
          1,
          1,
          null,
          1,
          null,
          1,
          1,
          null,
          null
        ]
      },
      "/Users/asiaellis/Projects/course-run-through/recipe-manager/spec/features/deleting_a_recipe_spec.rb": {
        "lines": [
          null,
          null,
          1,
          null,
          1,
          1,
          1,
          1,
          1,
          1,
          null,
          null
        ]
      },
      "/Users/asiaellis/Projects/course-run-through/recipe-manager/spec/features/error_if_not_real_url_spec.rb": {
        "lines": [
          1,
          1,
          1,
          1,
          1,
          1,
          1,
          1,
          1,
          null,
          null
        ]
      },
      "/Users/asiaellis/Projects/course-run-through/recipe-manager/spec/features/sign_up_spec.rb": {
        "lines": [
          1,
          1,
          1,
          1,
          1,
          1,
          1,
          null,
          null
        ]
      },
      "/Users/asiaellis/Projects/course-run-through/recipe-manager/spec/features/updating_a_recipe_spec.rb": {
        "lines": [
          null,
          null,
          1,
          null,
          1,
          1,
          1,
          1,
          1,
          1,
          1,
          1,
          1,
          null,
          null
        ]
      },
      "/Users/asiaellis/Projects/course-run-through/recipe-manager/spec/features/view_recipes_spec.rb": {
        "lines": [
          null,
          1,
          null,
          1,
          1,
          1,
          1,
          null,
          null,
          1,
          1,
          1,
          null,
          1,
          1,
          1,
          null,
          null
        ]
      },
      "/Users/asiaellis/Projects/course-run-through/recipe-manager/spec/recipe_spec.rb": {
        "lines": [
          null,
          null,
          1,
          1,
          1,
          1,
          null,
          1,
          1,
          7,
          null,
          null,
          1,
          1,
          1,
          null,
          1,
          null,
          1,
          1,
          null,
          null,
          null,
          1,
          1,
          1,
          1,
          1,
          1,
          1,
          null,
          null,
          null,
          null,
          1,
          1,
          1,
          1,
          null,
          null,
          null,
          1,
          1,
          1,
          1,
          1,
          1,
          1,
          null,
          null,
          null,
          1,
          1,
          1,
          1,
          1,
          1,
          1,
          null,
          null,
          null,
          1,
          1,
          1,
          null,
          1,
          null,
          1,
          null,
          1,
          null,
          1,
          1,
          1,
          1,
          null,
          null,
          null,
          1,
          2,
          null,
          1,
          1,
          1,
          null,
          1,
          null,
          null,
          null
        ]
      },
      "/Users/asiaellis/Projects/course-run-through/recipe-manager/spec/user_spec.rb": {
        "lines": [
          1,
          null,
          1,
          1,
          1,
          1,
          1,
          1,
          null,
          null,
          null,
          1,
          1,
          1,
          1,
          1,
          1,
          null,
          null,
          null,
          1,
          1,
          1,
          1,
          1,
          null,
          null,
          1,
          1,
          null,
          1,
          null,
          null,
          1,
          1,
          null,
          1,
          null,
          null,
          null
        ]
      }
    },
    "timestamp": 1590150339
  }
}
